[INFO ][20171204 21:27:04,539][AbstractApplicationContext:589] Refreshing org.springframework.context.support.ClassPathXmlApplicationContext@43556938: startup date [Mon Dec 04 21:27:04 CST 2017]; root of context hierarchy
[INFO ][20171204 21:27:04,616][XmlBeanDefinitionReader:316] Loading XML bean definitions from class path resource [spring-context.xml]
[INFO ][20171204 21:27:04,833][XmlBeanDefinitionReader:316] Loading XML bean definitions from class path resource [spring-rabbit-sync.xml]
[INFO ][20171204 21:31:21,274][AbstractApplicationContext:589] Refreshing org.springframework.context.support.ClassPathXmlApplicationContext@43556938: startup date [Mon Dec 04 21:31:21 CST 2017]; root of context hierarchy
[INFO ][20171204 21:31:21,347][XmlBeanDefinitionReader:316] Loading XML bean definitions from class path resource [spring-context.xml]
[INFO ][20171204 21:31:21,562][XmlBeanDefinitionReader:316] Loading XML bean definitions from class path resource [spring-rabbit-sync.xml]
[INFO ][20171204 21:33:43,752][AbstractApplicationContext:589] Refreshing org.springframework.context.support.ClassPathXmlApplicationContext@43556938: startup date [Mon Dec 04 21:33:43 CST 2017]; root of context hierarchy
[INFO ][20171204 21:33:43,826][XmlBeanDefinitionReader:316] Loading XML bean definitions from class path resource [spring-context.xml]
[INFO ][20171204 21:33:44,047][XmlBeanDefinitionReader:316] Loading XML bean definitions from class path resource [spring-rabbit-sync.xml]
[INFO ][20171204 21:36:09,974][AbstractApplicationContext:589] Refreshing org.springframework.context.support.ClassPathXmlApplicationContext@43556938: startup date [Mon Dec 04 21:36:09 CST 2017]; root of context hierarchy
[INFO ][20171204 21:36:10,038][XmlBeanDefinitionReader:316] Loading XML bean definitions from class path resource [spring-context.xml]
[INFO ][20171204 21:36:10,249][XmlBeanDefinitionReader:316] Loading XML bean definitions from class path resource [spring-rabbit-sync.xml]
[WARN ][20171204 21:36:10,412][AbstractApplicationContext:557] Exception encountered during context initialization - cancelling refresh attempt: org.springframework.beans.factory.BeanDefinitionStoreException: Invalid bean definition with name 'cachingConnectionFactory' defined in class path resource [spring-rabbit-sync.xml]: Could not resolve placeholder 'rabbit.hosts' in value "${rabbit.hosts}"; nested exception is java.lang.IllegalArgumentException: Could not resolve placeholder 'rabbit.hosts' in value "${rabbit.hosts}"
[INFO ][20171204 21:36:24,707][AbstractApplicationContext:589] Refreshing org.springframework.context.support.ClassPathXmlApplicationContext@43556938: startup date [Mon Dec 04 21:36:24 CST 2017]; root of context hierarchy
[INFO ][20171204 21:36:24,772][XmlBeanDefinitionReader:316] Loading XML bean definitions from class path resource [spring-context.xml]
[INFO ][20171204 21:36:25,000][XmlBeanDefinitionReader:316] Loading XML bean definitions from class path resource [spring-rabbit-sync.xml]
[ERROR][20171204 21:36:30,610][ForgivingExceptionHandler:124] An unexpected connection driver error occured
java.net.SocketException: Socket Closed
	at java.net.SocketInputStream.socketRead0(Native Method)
	at java.net.SocketInputStream.socketRead(SocketInputStream.java:116)
	at java.net.SocketInputStream.read(SocketInputStream.java:171)
	at java.net.SocketInputStream.read(SocketInputStream.java:141)
	at java.io.BufferedInputStream.fill(BufferedInputStream.java:246)
	at java.io.BufferedInputStream.read(BufferedInputStream.java:265)
	at java.io.DataInputStream.readUnsignedByte(DataInputStream.java:288)
	at com.rabbitmq.client.impl.Frame.readFrom(Frame.java:91)
	at com.rabbitmq.client.impl.SocketFrameHandler.readFrame(SocketFrameHandler.java:164)
	at com.rabbitmq.client.impl.AMQConnection$MainLoop.run(AMQConnection.java:580)
	at java.lang.Thread.run(Thread.java:748)
[INFO ][20171204 21:37:41,677][AbstractApplicationContext:589] Refreshing org.springframework.context.support.ClassPathXmlApplicationContext@43556938: startup date [Mon Dec 04 21:37:41 CST 2017]; root of context hierarchy
[INFO ][20171204 21:37:41,754][XmlBeanDefinitionReader:316] Loading XML bean definitions from class path resource [spring-context.xml]
[INFO ][20171204 21:37:41,954][XmlBeanDefinitionReader:316] Loading XML bean definitions from class path resource [spring-rabbit-sync.xml]
[WARN ][20171204 21:37:42,636][ForgivingExceptionHandler:120] An unexpected connection driver error occured (Exception message: Connection reset)
[INFO ][20171204 21:41:10,627][AbstractApplicationContext:589] Refreshing org.springframework.context.support.ClassPathXmlApplicationContext@43556938: startup date [Mon Dec 04 21:41:10 CST 2017]; root of context hierarchy
[INFO ][20171204 21:41:10,700][XmlBeanDefinitionReader:316] Loading XML bean definitions from class path resource [spring-context.xml]
[INFO ][20171204 21:41:10,912][XmlBeanDefinitionReader:316] Loading XML bean definitions from class path resource [spring-rabbit-sync.xml]
[WARN ][20171204 21:41:11,625][ForgivingExceptionHandler:120] An unexpected connection driver error occured (Exception message: Connection reset)
[INFO ][20171204 21:41:31,323][AbstractApplicationContext:589] Refreshing org.springframework.context.support.ClassPathXmlApplicationContext@43556938: startup date [Mon Dec 04 21:41:31 CST 2017]; root of context hierarchy
[INFO ][20171204 21:41:31,396][XmlBeanDefinitionReader:316] Loading XML bean definitions from class path resource [spring-context.xml]
[INFO ][20171204 21:41:31,635][XmlBeanDefinitionReader:316] Loading XML bean definitions from class path resource [spring-rabbit-sync.xml]
[WARN ][20171204 21:41:32,383][ForgivingExceptionHandler:120] An unexpected connection driver error occured (Exception message: Connection reset)
[INFO ][20171204 21:42:03,516][AbstractApplicationContext:589] Refreshing org.springframework.context.support.ClassPathXmlApplicationContext@43556938: startup date [Mon Dec 04 21:42:03 CST 2017]; root of context hierarchy
[INFO ][20171204 21:42:03,601][XmlBeanDefinitionReader:316] Loading XML bean definitions from class path resource [spring-context.xml]
[INFO ][20171204 21:42:03,821][XmlBeanDefinitionReader:316] Loading XML bean definitions from class path resource [spring-rabbit-sync.xml]
[INFO ][20171204 21:42:04,649][AbstractConnectionFactory:392] Created new connection: cachingConnectionFactory#2fd6b6c7:0/SimpleConnection@74e52303 [delegate=amqp://kevin@127.0.0.1:5672/, localPort= 11417]
[INFO ][20171204 21:43:51,751][AbstractApplicationContext:589] Refreshing org.springframework.context.support.ClassPathXmlApplicationContext@43556938: startup date [Mon Dec 04 21:43:51 CST 2017]; root of context hierarchy
[INFO ][20171204 21:43:51,819][XmlBeanDefinitionReader:316] Loading XML bean definitions from class path resource [spring-context.xml]
[INFO ][20171204 21:43:52,052][XmlBeanDefinitionReader:316] Loading XML bean definitions from class path resource [spring-rabbit-sync.xml]
[INFO ][20171204 21:43:52,744][AbstractConnectionFactory:392] Created new connection: cachingConnectionFactory#2fd6b6c7:0/SimpleConnection@42e99e4a [delegate=amqp://kevin@127.0.0.1:5672/, localPort= 11729]
[ERROR][20171204 21:43:52,794][CachingConnectionFactory$DefaultChannelCloseLogger:1215] Channel shutdown: channel error; protocol method: #method<channel.close>(reply-code=404, reply-text=NOT_FOUND - no queue 'spring.queue.sync' in vhost '/', class-id=60, method-id=70)
[INFO ][20171204 21:45:46,884][AbstractApplicationContext:589] Refreshing org.springframework.context.support.ClassPathXmlApplicationContext@43556938: startup date [Mon Dec 04 21:45:46 CST 2017]; root of context hierarchy
[INFO ][20171204 21:45:46,959][XmlBeanDefinitionReader:316] Loading XML bean definitions from class path resource [spring-context.xml]
[INFO ][20171204 21:45:47,168][XmlBeanDefinitionReader:316] Loading XML bean definitions from class path resource [spring-rabbit-sync.xml]
[INFO ][20171204 21:45:47,853][AbstractConnectionFactory:392] Created new connection: cachingConnectionFactory#2fd6b6c7:0/SimpleConnection@74e52303 [delegate=amqp://kevin@127.0.0.1:5672/, localPort= 11837]
[INFO ][20171204 21:48:42,752][AbstractApplicationContext:589] Refreshing org.springframework.context.support.ClassPathXmlApplicationContext@43556938: startup date [Mon Dec 04 21:48:42 CST 2017]; root of context hierarchy
[INFO ][20171204 21:48:42,819][XmlBeanDefinitionReader:316] Loading XML bean definitions from class path resource [spring-context.xml]
[INFO ][20171204 21:48:43,057][XmlBeanDefinitionReader:316] Loading XML bean definitions from class path resource [spring-rabbit-sync.xml]
[INFO ][20171204 21:48:43,888][AbstractConnectionFactory:392] Created new connection: cachingConnectionFactory#4c1d9d4b:0/SimpleConnection@1189dd52 [delegate=amqp://kevin@127.0.0.1:5672/, localPort= 12193]
[INFO ][20171204 21:48:50,030][AbstractApplicationContext:589] Refreshing org.springframework.context.support.ClassPathXmlApplicationContext@43556938: startup date [Mon Dec 04 21:48:50 CST 2017]; root of context hierarchy
[INFO ][20171204 21:48:50,096][XmlBeanDefinitionReader:316] Loading XML bean definitions from class path resource [spring-context.xml]
[INFO ][20171204 21:48:50,314][XmlBeanDefinitionReader:316] Loading XML bean definitions from class path resource [spring-rabbit-sync.xml]
[INFO ][20171204 21:48:51,230][AbstractConnectionFactory:392] Created new connection: cachingConnectionFactory#4c1d9d4b:0/SimpleConnection@dd8ba08 [delegate=amqp://kevin@127.0.0.1:5672/, localPort= 12199]
[ERROR][20171204 21:48:51,273][CachingConnectionFactory$DefaultChannelCloseLogger:1215] Channel shutdown: channel error; protocol method: #method<channel.close>(reply-code=404, reply-text=NOT_FOUND - no queue 'spring.queue.sync' in vhost '/', class-id=60, method-id=70)
[INFO ][20171204 21:52:57,552][AbstractApplicationContext:589] Refreshing org.springframework.context.support.ClassPathXmlApplicationContext@43556938: startup date [Mon Dec 04 21:52:57 CST 2017]; root of context hierarchy
[INFO ][20171204 21:52:57,618][XmlBeanDefinitionReader:316] Loading XML bean definitions from class path resource [spring-context.xml]
[INFO ][20171204 21:52:57,827][XmlBeanDefinitionReader:316] Loading XML bean definitions from class path resource [spring-rabbit-sync.xml]
[INFO ][20171204 21:52:58,691][AbstractConnectionFactory:392] Created new connection: cachingConnectionFactory#29176cc1:0/SimpleConnection@436813f3 [delegate=amqp://kevin@127.0.0.1:5672/, localPort= 12897]
[INFO ][20171204 21:53:12,338][AbstractApplicationContext:589] Refreshing org.springframework.context.support.ClassPathXmlApplicationContext@43556938: startup date [Mon Dec 04 21:53:12 CST 2017]; root of context hierarchy
[INFO ][20171204 21:53:12,415][XmlBeanDefinitionReader:316] Loading XML bean definitions from class path resource [spring-context.xml]
[INFO ][20171204 21:53:12,615][XmlBeanDefinitionReader:316] Loading XML bean definitions from class path resource [spring-rabbit-sync.xml]
[INFO ][20171204 21:53:13,389][AbstractConnectionFactory:392] Created new connection: cachingConnectionFactory#29176cc1:0/SimpleConnection@72d1ad2e [delegate=amqp://kevin@127.0.0.1:5672/, localPort= 12922]
[INFO ][20171204 21:53:45,602][AbstractApplicationContext:589] Refreshing org.springframework.context.support.ClassPathXmlApplicationContext@43556938: startup date [Mon Dec 04 21:53:45 CST 2017]; root of context hierarchy
[INFO ][20171204 21:53:45,664][XmlBeanDefinitionReader:316] Loading XML bean definitions from class path resource [spring-context.xml]
[INFO ][20171204 21:53:45,879][XmlBeanDefinitionReader:316] Loading XML bean definitions from class path resource [spring-rabbit-sync.xml]
[INFO ][20171204 21:53:46,926][AbstractConnectionFactory:392] Created new connection: cachingConnectionFactory#222114ba:0/SimpleConnection@12468a38 [delegate=amqp://kevin@127.0.0.1:5672/, localPort= 12964]
[INFO ][20171204 21:54:06,162][AbstractApplicationContext:589] Refreshing org.springframework.context.support.ClassPathXmlApplicationContext@43556938: startup date [Mon Dec 04 21:54:06 CST 2017]; root of context hierarchy
[INFO ][20171204 21:54:06,238][XmlBeanDefinitionReader:316] Loading XML bean definitions from class path resource [spring-context.xml]
[INFO ][20171204 21:54:06,473][XmlBeanDefinitionReader:316] Loading XML bean definitions from class path resource [spring-rabbit-sync.xml]
[INFO ][20171204 21:54:07,545][AbstractConnectionFactory:392] Created new connection: cachingConnectionFactory#222114ba:0/SimpleConnection@12468a38 [delegate=amqp://kevin@127.0.0.1:5672/, localPort= 13048]
[INFO ][20171204 21:54:28,280][AbstractApplicationContext:589] Refreshing org.springframework.context.support.ClassPathXmlApplicationContext@43556938: startup date [Mon Dec 04 21:54:28 CST 2017]; root of context hierarchy
[INFO ][20171204 21:54:28,360][XmlBeanDefinitionReader:316] Loading XML bean definitions from class path resource [spring-context.xml]
[INFO ][20171204 21:54:28,585][XmlBeanDefinitionReader:316] Loading XML bean definitions from class path resource [spring-rabbit-sync.xml]
[INFO ][20171204 21:54:29,328][AbstractConnectionFactory:392] Created new connection: cachingConnectionFactory#222114ba:0/SimpleConnection@4f18837a [delegate=amqp://kevin@127.0.0.1:5672/, localPort= 13078]
[ERROR][20171204 21:54:29,367][CachingConnectionFactory$DefaultChannelCloseLogger:1215] Channel shutdown: channel error; protocol method: #method<channel.close>(reply-code=404, reply-text=NOT_FOUND - no queue 'spring.queue.sync' in vhost '/', class-id=60, method-id=70)
[INFO ][20171204 21:55:19,160][AbstractApplicationContext:589] Refreshing org.springframework.context.support.ClassPathXmlApplicationContext@cb51256: startup date [Mon Dec 04 21:55:19 CST 2017]; root of context hierarchy
[INFO ][20171204 21:55:19,318][XmlBeanDefinitionReader:316] Loading XML bean definitions from class path resource [spring-context.xml]
[INFO ][20171204 21:55:19,906][XmlBeanDefinitionReader:316] Loading XML bean definitions from class path resource [spring-rabbit-sync.xml]
[INFO ][20171204 21:55:47,919][AbstractConnectionFactory:392] Created new connection: cachingConnectionFactory#48b67364:0/SimpleConnection@1458ed9c [delegate=amqp://kevin@127.0.0.1:5672/, localPort= 13179]
[INFO ][20171204 21:56:41,815][AbstractApplicationContext:589] Refreshing org.springframework.context.support.ClassPathXmlApplicationContext@cb51256: startup date [Mon Dec 04 21:56:41 CST 2017]; root of context hierarchy
[INFO ][20171204 21:56:41,923][XmlBeanDefinitionReader:316] Loading XML bean definitions from class path resource [spring-context.xml]
[INFO ][20171204 21:56:42,219][XmlBeanDefinitionReader:316] Loading XML bean definitions from class path resource [spring-rabbit-sync.xml]
[INFO ][20171204 21:57:00,259][AbstractConnectionFactory:392] Created new connection: cachingConnectionFactory#48b67364:0/SimpleConnection@1458ed9c [delegate=amqp://kevin@127.0.0.1:5672/, localPort= 13262]
[INFO ][20171204 21:57:30,760][AbstractApplicationContext:589] Refreshing org.springframework.context.support.ClassPathXmlApplicationContext@cb51256: startup date [Mon Dec 04 21:57:30 CST 2017]; root of context hierarchy
[INFO ][20171204 21:57:30,837][XmlBeanDefinitionReader:316] Loading XML bean definitions from class path resource [spring-context.xml]
[INFO ][20171204 21:57:31,132][XmlBeanDefinitionReader:316] Loading XML bean definitions from class path resource [spring-rabbit-sync.xml]
[INFO ][20171204 21:59:05,080][AbstractConnectionFactory:392] Created new connection: cachingConnectionFactory#48b67364:0/SimpleConnection@1458ed9c [delegate=amqp://kevin@127.0.0.1:5672/, localPort= 13574]
[INFO ][20171204 21:59:41,077][AbstractApplicationContext:589] Refreshing org.springframework.context.support.ClassPathXmlApplicationContext@cb51256: startup date [Mon Dec 04 21:59:41 CST 2017]; root of context hierarchy
[INFO ][20171204 21:59:41,152][XmlBeanDefinitionReader:316] Loading XML bean definitions from class path resource [spring-context.xml]
[INFO ][20171204 21:59:41,421][XmlBeanDefinitionReader:316] Loading XML bean definitions from class path resource [spring-rabbit-sync.xml]
[INFO ][20171204 22:00:08,516][AbstractConnectionFactory:392] Created new connection: cachingConnectionFactory#48b67364:0/SimpleConnection@1458ed9c [delegate=amqp://kevin@127.0.0.1:5672/, localPort= 13704]
[INFO ][20171204 22:03:54,259][AbstractApplicationContext:589] Refreshing org.springframework.context.support.ClassPathXmlApplicationContext@cb51256: startup date [Mon Dec 04 22:03:54 CST 2017]; root of context hierarchy
[INFO ][20171204 22:03:54,359][XmlBeanDefinitionReader:316] Loading XML bean definitions from class path resource [spring-context.xml]
[INFO ][20171204 22:03:54,625][XmlBeanDefinitionReader:316] Loading XML bean definitions from class path resource [spring-rabbit-sync.xml]
[INFO ][20171204 22:04:00,970][AbstractConnectionFactory:392] Created new connection: cachingConnectionFactory#48b67364:0/SimpleConnection@1458ed9c [delegate=amqp://kevin@127.0.0.1:5672/, localPort= 14031]
